<?xml version="1.0" encoding="UTF-8"?>
<testng-results ignored="0" total="1" passed="1" failed="0" skipped="0">
  <reporter-output>
  </reporter-output>
  <suite started-at="2024-10-21T17:42:56 IST" name="Default suite" finished-at="2024-10-21T17:42:56 IST" duration-ms="62">
    <groups>
    </groups>
    <test started-at="2024-10-21T17:42:56 IST" name="Default test" finished-at="2024-10-21T17:42:56 IST" duration-ms="62">
      <class name="testnew.testnew.testnew">
        <test-method signature="additionTest()[pri:0, instance:testnew.testnew.testnew@5e5d171f]" started-at="2024-10-21T17:42:56 IST" name="additionTest" finished-at="2024-10-21T17:42:56 IST" duration-ms="13" status="PASS">
          <reporter-output>
          </reporter-output>
        </test-method> <!-- additionTest -->
      </class> <!-- testnew.testnew.testnew -->
    </test> <!-- Default test -->
  </suite> <!-- Default suite -->
</testng-results>
